# JRE version: OpenJDK Runtime Environment Temurin-17.0.1+12 (17.0.1+12) (build 17.0.1+12)
# Java VM: OpenJDK 64-Bit Server VM Temurin-17.0.1+12 (17.0.1+12, mixed mode, tiered, compressed oops, compressed class ptrs, parallel gc, windows-amd64)
GC Precious Log:
 CPUs: 4 total, 4 available
 Memory: 3973M
 Large Page Support: Disabled
 NUMA Support: Disabled
 Compressed Oops: Enabled (32-bit)
 Alignments: Space 512K, Generation 512K, Heap 2M
 Heap Min Capacity: 100M
 Heap Initial Capacity: 100M
 Heap Max Capacity: 1G
 Pre-touch: Disabled
 Parallel Workers: 4
Heap:
 PSYoungGen      total 25088K, used 5237K [0x00000000eab00000, 0x00000000ec880000, 0x0000000100000000)
  eden space 22016K, 11% used [0x00000000eab00000,0x00000000ead87d90,0x00000000ec080000)
  from space 3072K, 86% used [0x00000000ec080000,0x00000000ec315a60,0x00000000ec380000)
  to   space 4096K, 0% used [0x00000000ec480000,0x00000000ec480000,0x00000000ec880000)
 ParOldGen       total 68608K, used 27301K [0x00000000c0000000, 0x00000000c4300000, 0x00000000eab00000)
  object space 68608K, 39% used [0x00000000c0000000,0x00000000c1aa95c8,0x00000000c4300000)
 Metaspace       used 41292K, committed 41856K, reserved 1089536K
  class space    used 4127K, committed 4352K, reserved 1048576K
GC Heap History (20 events):
Event: 9.646 GC heap before
{Heap before GC invocations=4 (full 1):
 PSYoungGen      total 29696K, used 25600K [0x00000000eab00000, 0x00000000ecc00000, 0x0000000100000000)
  eden space 25600K, 100% used [0x00000000eab00000,0x00000000ec400000,0x00000000ec400000)
  from space 4096K, 0% used [0x00000000ec800000,0x00000000ec800000,0x00000000ecc00000)
  to   space 4096K, 0% used [0x00000000ec400000,0x00000000ec400000,0x00000000ec800000)
 ParOldGen       total 68608K, used 11325K [0x00000000c0000000, 0x00000000c4300000, 0x00000000eab00000)
  object space 68608K, 16% used [0x00000000c0000000,0x00000000c0b0f6a8,0x00000000c4300000)
 Metaspace       used 28319K, committed 28800K, reserved 1081344K
  class space    used 2824K, committed 3008K, reserved 1048576K
}
Event: 9.649 GC heap after
{Heap after GC invocations=4 (full 1):
 PSYoungGen      total 29696K, used 1700K [0x00000000eab00000, 0x00000000ecc00000, 0x0000000100000000)
  eden space 25600K, 0% used [0x00000000eab00000,0x00000000eab00000,0x00000000ec400000)
  from space 4096K, 41% used [0x00000000ec400000,0x00000000ec5a92b0,0x00000000ec800000)
  to   space 4096K, 0% used [0x00000000ec800000,0x00000000ec800000,0x00000000ecc00000)
 ParOldGen       total 68608K, used 11333K [0x00000000c0000000, 0x00000000c4300000, 0x00000000eab00000)
  object space 68608K, 16% used [0x00000000c0000000,0x00000000c0b116a8,0x00000000c4300000)
 Metaspace       used 28319K, committed 28800K, reserved 1081344K
  class space    used 2824K, committed 3008K, reserved 1048576K
}
Event: 10.145 GC heap before
{Heap before GC invocations=5 (full 1):
 PSYoungGen      total 29696K, used 27300K [0x00000000eab00000, 0x00000000ecc00000, 0x0000000100000000)
  eden space 25600K, 100% used [0x00000000eab00000,0x00000000ec400000,0x00000000ec400000)
  from space 4096K, 41% used [0x00000000ec400000,0x00000000ec5a92b0,0x00000000ec800000)
  to   space 4096K, 0% used [0x00000000ec800000,0x00000000ec800000,0x00000000ecc00000)
 ParOldGen       total 68608K, used 11333K [0x00000000c0000000, 0x00000000c4300000, 0x00000000eab00000)
  object space 68608K, 16% used [0x00000000c0000000,0x00000000c0b116a8,0x00000000c4300000)
 Metaspace       used 31037K, committed 31488K, reserved 1081344K
  class space    used 3135K, committed 3328K, reserved 1048576K
}
Event: 10.149 GC heap after
{Heap after GC invocations=5 (full 1):
 PSYoungGen      total 29696K, used 2431K [0x00000000eab00000, 0x00000000ecc00000, 0x0000000100000000)
  eden space 25600K, 0% used [0x00000000eab00000,0x00000000eab00000,0x00000000ec400000)
  from space 4096K, 59% used [0x00000000ec800000,0x00000000eca5ffc0,0x00000000ecc00000)
  to   space 4096K, 0% used [0x00000000ec400000,0x00000000ec400000,0x00000000ec800000)
 ParOldGen       total 68608K, used 11341K [0x00000000c0000000, 0x00000000c4300000, 0x00000000eab00000)
  object space 68608K, 16% used [0x00000000c0000000,0x00000000c0b136a8,0x00000000c4300000)
 Metaspace       used 31037K, committed 31488K, reserved 1081344K
  class space    used 3135K, committed 3328K, reserved 1048576K
}
Event: 10.973 GC heap before
{Heap before GC invocations=6 (full 1):
 PSYoungGen      total 29696K, used 28031K [0x00000000eab00000, 0x00000000ecc00000, 0x0000000100000000)
  eden space 25600K, 100% used [0x00000000eab00000,0x00000000ec400000,0x00000000ec400000)
  from space 4096K, 59% used [0x00000000ec800000,0x00000000eca5ffc0,0x00000000ecc00000)
  to   space 4096K, 0% used [0x00000000ec400000,0x00000000ec400000,0x00000000ec800000)
 ParOldGen       total 68608K, used 11341K [0x00000000c0000000, 0x00000000c4300000, 0x00000000eab00000)
  object space 68608K, 16% used [0x00000000c0000000,0x00000000c0b136a8,0x00000000c4300000)
 Metaspace       used 32608K, committed 33152K, reserved 1081344K
  class space    used 3305K, committed 3584K, reserved 1048576K
}
Event: 10.979 GC heap after
{Heap after GC invocations=6 (full 1):
 PSYoungGen      total 29184K, used 4069K [0x00000000eab00000, 0x00000000ecc80000, 0x0000000100000000)
  eden space 25088K, 0% used [0x00000000eab00000,0x00000000eab00000,0x00000000ec380000)
  from space 4096K, 99% used [0x00000000ec400000,0x00000000ec7f97f8,0x00000000ec800000)
  to   space 4608K, 0% used [0x00000000ec800000,0x00000000ec800000,0x00000000ecc80000)
 ParOldGen       total 68608K, used 11517K [0x00000000c0000000, 0x00000000c4300000, 0x00000000eab00000)
  object space 68608K, 16% used [0x00000000c0000000,0x00000000c0b3f6a8,0x00000000c4300000)
 Metaspace       used 32608K, committed 33152K, reserved 1081344K
  class space    used 3305K, committed 3584K, reserved 1048576K
}
Event: 11.134 GC heap before
{Heap before GC invocations=7 (full 1):
 PSYoungGen      total 29184K, used 29157K [0x00000000eab00000, 0x00000000ecc80000, 0x0000000100000000)
  eden space 25088K, 100% used [0x00000000eab00000,0x00000000ec380000,0x00000000ec380000)
  from space 4096K, 99% used [0x00000000ec400000,0x00000000ec7f97f8,0x00000000ec800000)
  to   space 4608K, 0% used [0x00000000ec800000,0x00000000ec800000,0x00000000ecc80000)
 ParOldGen       total 68608K, used 11517K [0x00000000c0000000, 0x00000000c4300000, 0x00000000eab00000)
  object space 68608K, 16% used [0x00000000c0000000,0x00000000c0b3f6a8,0x00000000c4300000)
 Metaspace       used 32681K, committed 33216K, reserved 1081344K
  class space    used 3310K, committed 3584K, reserved 1048576K
}
Event: 11.141 GC heap after
{Heap after GC invocations=7 (full 1):
 PSYoungGen      total 27136K, used 4596K [0x00000000eab00000, 0x00000000ed100000, 0x0000000100000000)
  eden space 22528K, 0% used [0x00000000eab00000,0x00000000eab00000,0x00000000ec100000)
  from space 4608K, 99% used [0x00000000ec800000,0x00000000ecc7d2d0,0x00000000ecc80000)
  to   space 7168K, 0% used [0x00000000ec100000,0x00000000ec100000,0x00000000ec800000)
 ParOldGen       total 68608K, used 13245K [0x00000000c0000000, 0x00000000c4300000, 0x00000000eab00000)
  object space 68608K, 19% used [0x00000000c0000000,0x00000000c0cef738,0x00000000c4300000)
 Metaspace       used 32681K, committed 33216K, reserved 1081344K
  class space    used 3310K, committed 3584K, reserved 1048576K
}
Event: 11.244 GC heap before
{Heap before GC invocations=8 (full 1):
 PSYoungGen      total 27136K, used 27124K [0x00000000eab00000, 0x00000000ed100000, 0x0000000100000000)
  eden space 22528K, 100% used [0x00000000eab00000,0x00000000ec100000,0x00000000ec100000)
  from space 4608K, 99% used [0x00000000ec800000,0x00000000ecc7d2d0,0x00000000ecc80000)
  to   space 7168K, 0% used [0x00000000ec100000,0x00000000ec100000,0x00000000ec800000)
 ParOldGen       total 68608K, used 13245K [0x00000000c0000000, 0x00000000c4300000, 0x00000000eab00000)
  object space 68608K, 19% used [0x00000000c0000000,0x00000000c0cef738,0x00000000c4300000)
 Metaspace       used 32818K, committed 33344K, reserved 1081344K
  class space    used 3326K, committed 3584K, reserved 1048576K
}
Event: 11.253 GC heap after
{Heap after GC invocations=8 (full 1):
 PSYoungGen      total 29184K, used 7167K [0x00000000eab00000, 0x00000000ecf80000, 0x0000000100000000)
  eden space 22016K, 0% used [0x00000000eab00000,0x00000000eab00000,0x00000000ec080000)
  from space 7168K, 99% used [0x00000000ec100000,0x00000000ec7fffe0,0x00000000ec800000)
  to   space 7680K, 0% used [0x00000000ec800000,0x00000000ec800000,0x00000000ecf80000)
 ParOldGen       total 68608K, used 13253K [0x00000000c0000000, 0x00000000c4300000, 0x00000000eab00000)
  object space 68608K, 19% used [0x00000000c0000000,0x00000000c0cf1738,0x00000000c4300000)
 Metaspace       used 32818K, committed 33344K, reserved 1081344K
  class space    used 3326K, committed 3584K, reserved 1048576K
}
Event: 11.335 GC heap before
{Heap before GC invocations=9 (full 1):
 PSYoungGen      total 29184K, used 29183K [0x00000000eab00000, 0x00000000ecf80000, 0x0000000100000000)
  eden space 22016K, 100% used [0x00000000eab00000,0x00000000ec080000,0x00000000ec080000)
  from space 7168K, 99% used [0x00000000ec100000,0x00000000ec7fffe0,0x00000000ec800000)
  to   space 7680K, 0% used [0x00000000ec800000,0x00000000ec800000,0x00000000ecf80000)
 ParOldGen       total 68608K, used 13253K [0x00000000c0000000, 0x00000000c4300000, 0x00000000eab00000)
  object space 68608K, 19% used [0x00000000c0000000,0x00000000c0cf1738,0x00000000c4300000)
 Metaspace       used 32818K, committed 33344K, reserved 1081344K
  class space    used 3326K, committed 3584K, reserved 1048576K
}
Event: 11.345 GC heap after
{Heap after GC invocations=9 (full 1):
 PSYoungGen      total 29696K, used 7264K [0x00000000eab00000, 0x00000000ecf80000, 0x0000000100000000)
  eden space 22016K, 0% used [0x00000000eab00000,0x00000000eab00000,0x00000000ec080000)
  from space 7680K, 94% used [0x00000000ec800000,0x00000000ecf18020,0x00000000ecf80000)
  to   space 7680K, 0% used [0x00000000ec080000,0x00000000ec080000,0x00000000ec800000)
 ParOldGen       total 68608K, used 15394K [0x00000000c0000000, 0x00000000c4300000, 0x00000000eab00000)
  object space 68608K, 22% used [0x00000000c0000000,0x00000000c0f08a48,0x00000000c4300000)
 Metaspace       used 32818K, committed 33344K, reserved 1081344K
  class space    used 3326K, committed 3584K, reserved 1048576K
}
Event: 11.439 GC heap before
{Heap before GC invocations=10 (full 1):
 PSYoungGen      total 29696K, used 29280K [0x00000000eab00000, 0x00000000ecf80000, 0x0000000100000000)
  eden space 22016K, 100% used [0x00000000eab00000,0x00000000ec080000,0x00000000ec080000)
  from space 7680K, 94% used [0x00000000ec800000,0x00000000ecf18020,0x00000000ecf80000)
  to   space 7680K, 0% used [0x00000000ec080000,0x00000000ec080000,0x00000000ec800000)
 ParOldGen       total 68608K, used 15394K [0x00000000c0000000, 0x00000000c4300000, 0x00000000eab00000)
  object space 68608K, 22% used [0x00000000c0000000,0x00000000c0f08a48,0x00000000c4300000)
 Metaspace       used 32818K, committed 33344K, reserved 1081344K
  class space    used 3326K, committed 3584K, reserved 1048576K
}
Event: 11.449 GC heap after
{Heap after GC invocations=10 (full 1):
 PSYoungGen      total 29184K, used 7104K [0x00000000eab00000, 0x00000000ece80000, 0x0000000100000000)
  eden space 22016K, 0% used [0x00000000eab00000,0x00000000eab00000,0x00000000ec080000)
  from space 7168K, 99% used [0x00000000ec080000,0x00000000ec770020,0x00000000ec780000)
  to   space 7168K, 0% used [0x00000000ec780000,0x00000000ec780000,0x00000000ece80000)
 ParOldGen       total 68608K, used 17830K [0x00000000c0000000, 0x00000000c4300000, 0x00000000eab00000)
  object space 68608K, 25% used [0x00000000c0000000,0x00000000c1169a98,0x00000000c4300000)
 Metaspace       used 32818K, committed 33344K, reserved 1081344K
  class space    used 3326K, committed 3584K, reserved 1048576K
}
Event: 15.954 GC heap before
{Heap before GC invocations=11 (full 1):
 PSYoungGen      total 29184K, used 26407K [0x00000000eab00000, 0x00000000ece80000, 0x0000000100000000)
  eden space 22016K, 87% used [0x00000000eab00000,0x00000000ebdd9d50,0x00000000ec080000)
  from space 7168K, 99% used [0x00000000ec080000,0x00000000ec770020,0x00000000ec780000)
  to   space 7168K, 0% used [0x00000000ec780000,0x00000000ec780000,0x00000000ece80000)
 ParOldGen       total 68608K, used 17830K [0x00000000c0000000, 0x00000000c4300000, 0x00000000eab00000)
  object space 68608K, 25% used [0x00000000c0000000,0x00000000c1169a98,0x00000000c4300000)
 Metaspace       used 35389K, committed 35840K, reserved 1089536K
  class space    used 3619K, committed 3840K, reserved 1048576K
}
Event: 15.965 GC heap after
{Heap after GC invocations=11 (full 1):
 PSYoungGen      total 27136K, used 5116K [0x00000000eab00000, 0x00000000ecc80000, 0x0000000100000000)
  eden space 22016K, 0% used [0x00000000eab00000,0x00000000eab00000,0x00000000ec080000)
  from space 5120K, 99% used [0x00000000ec780000,0x00000000ecc7f000,0x00000000ecc80000)
  to   space 6144K, 0% used [0x00000000ec080000,0x00000000ec080000,0x00000000ec680000)
 ParOldGen       total 68608K, used 22501K [0x00000000c0000000, 0x00000000c4300000, 0x00000000eab00000)
  object space 68608K, 32% used [0x00000000c0000000,0x00000000c15f9548,0x00000000c4300000)
 Metaspace       used 35389K, committed 35840K, reserved 1089536K
  class space    used 3619K, committed 3840K, reserved 1048576K
}
Event: 15.965 GC heap before
{Heap before GC invocations=12 (full 2):
 PSYoungGen      total 27136K, used 5116K [0x00000000eab00000, 0x00000000ecc80000, 0x0000000100000000)
  eden space 22016K, 0% used [0x00000000eab00000,0x00000000eab00000,0x00000000ec080000)
  from space 5120K, 99% used [0x00000000ec780000,0x00000000ecc7f000,0x00000000ecc80000)
  to   space 6144K, 0% used [0x00000000ec080000,0x00000000ec080000,0x00000000ec680000)
 ParOldGen       total 68608K, used 22501K [0x00000000c0000000, 0x00000000c4300000, 0x00000000eab00000)
  object space 68608K, 32% used [0x00000000c0000000,0x00000000c15f9548,0x00000000c4300000)
 Metaspace       used 35389K, committed 35840K, reserved 1089536K
  class space    used 3619K, committed 3840K, reserved 1048576K
}
Event: 16.051 GC heap after
{Heap after GC invocations=12 (full 2):
 PSYoungGen      total 27136K, used 0K [0x00000000eab00000, 0x00000000ecc80000, 0x0000000100000000)
  eden space 22016K, 0% used [0x00000000eab00000,0x00000000eab00000,0x00000000ec080000)
  from space 5120K, 0% used [0x00000000ec780000,0x00000000ec780000,0x00000000ecc80000)
  to   space 6144K, 0% used [0x00000000ec080000,0x00000000ec080000,0x00000000ec680000)
 ParOldGen       total 68608K, used 27293K [0x00000000c0000000, 0x00000000c4300000, 0x00000000eab00000)
  object space 68608K, 39% used [0x00000000c0000000,0x00000000c1aa75c8,0x00000000c4300000)
 Metaspace       used 35389K, committed 35840K, reserved 1089536K
  class space    used 3619K, committed 3840K, reserved 1048576K
}
Event: 19.231 GC heap before
{Heap before GC invocations=13 (full 2):
 PSYoungGen      total 27136K, used 22016K [0x00000000eab00000, 0x00000000ecc80000, 0x0000000100000000)
  eden space 22016K, 100% used [0x00000000eab00000,0x00000000ec080000,0x00000000ec080000)
  from space 5120K, 0% used [0x00000000ec780000,0x00000000ec780000,0x00000000ecc80000)
  to   space 6144K, 0% used [0x00000000ec080000,0x00000000ec080000,0x00000000ec680000)
 ParOldGen       total 68608K, used 27293K [0x00000000c0000000, 0x00000000c4300000, 0x00000000eab00000)
  object space 68608K, 39% used [0x00000000c0000000,0x00000000c1aa75c8,0x00000000c4300000)
 Metaspace       used 41227K, committed 41792K, reserved 1089536K
  class space    used 4127K, committed 4352K, reserved 1048576K
}
Event: 19.237 GC heap after
{Heap after GC invocations=13 (full 2):
 PSYoungGen      total 25088K, used 2646K [0x00000000eab00000, 0x00000000ec880000, 0x0000000100000000)
  eden space 22016K, 0% used [0x00000000eab00000,0x00000000eab00000,0x00000000ec080000)
  from space 3072K, 86% used [0x00000000ec080000,0x00000000ec315a60,0x00000000ec380000)
  to   space 4096K, 0% used [0x00000000ec480000,0x00000000ec480000,0x00000000ec880000)
 ParOldGen       total 68608K, used 27301K [0x00000000c0000000, 0x00000000c4300000, 0x00000000eab00000)
  object space 68608K, 39% used [0x00000000c0000000,0x00000000c1aa95c8,0x00000000c4300000)
 Metaspace       used 41227K, committed 41792K, reserved 1089536K
  class space    used 4127K, committed 4352K, reserved 1048576K
}

