# JRE version: OpenJDK Runtime Environment (11.0.10) (build 11.0.10+0-b96-7249189)
# Java VM: OpenJDK 64-Bit Server VM (11.0.10+0-b96-7249189, mixed mode, tiered, compressed oops, g1 gc, windows-amd64)
Heap:
 garbage-first heap   total 395264K, used 280453K [0x0000000700000000, 0x0000000800000000)
  region size 1024K, 113 young (115712K), 12 survivors (12288K)
 Metaspace       used 110483K, capacity 115970K, committed 116096K, reserved 1148928K
  class space    used 14217K, capacity 16171K, committed 16256K, reserved 1048576K
GC Heap History (20 events):
Event: 120.232 GC heap before
{Heap before GC invocations=85 (full 0):
 garbage-first heap   total 190464K, used 154018K [0x0000000700000000, 0x0000000800000000)
  region size 1024K, 19 young (19456K), 2 survivors (2048K)
 Metaspace       used 79699K, capacity 83902K, committed 84096K, reserved 1122304K
  class space    used 10388K, capacity 11819K, committed 11904K, reserved 1048576K
}
Event: 120.251 GC heap after
{Heap after GC invocations=86 (full 0):
 garbage-first heap   total 229376K, used 142201K [0x0000000700000000, 0x0000000800000000)
  region size 1024K, 3 young (3072K), 3 survivors (3072K)
 Metaspace       used 79699K, capacity 83902K, committed 84096K, reserved 1122304K
  class space    used 10388K, capacity 11819K, committed 11904K, reserved 1048576K
}
Event: 121.465 GC heap before
{Heap before GC invocations=87 (full 0):
 garbage-first heap   total 229376K, used 169849K [0x0000000700000000, 0x0000000800000000)
  region size 1024K, 30 young (30720K), 3 survivors (3072K)
 Metaspace       used 82069K, capacity 86448K, committed 86528K, reserved 1124352K
  class space    used 10719K, capacity 12211K, committed 12288K, reserved 1048576K
}
Event: 121.483 GC heap after
{Heap after GC invocations=88 (full 0):
 garbage-first heap   total 229376K, used 143625K [0x0000000700000000, 0x0000000800000000)
  region size 1024K, 2 young (2048K), 2 survivors (2048K)
 Metaspace       used 82069K, capacity 86448K, committed 86528K, reserved 1124352K
  class space    used 10719K, capacity 12211K, committed 12288K, reserved 1048576K
}
Event: 122.837 GC heap before
{Heap before GC invocations=88 (full 0):
 garbage-first heap   total 229376K, used 171273K [0x0000000700000000, 0x0000000800000000)
  region size 1024K, 30 young (30720K), 2 survivors (2048K)
 Metaspace       used 84634K, capacity 89065K, committed 89344K, reserved 1126400K
  class space    used 10996K, capacity 12501K, committed 12544K, reserved 1048576K
}
Event: 122.851 GC heap after
{Heap after GC invocations=89 (full 0):
 garbage-first heap   total 229376K, used 146092K [0x0000000700000000, 0x0000000800000000)
  region size 1024K, 4 young (4096K), 4 survivors (4096K)
 Metaspace       used 84634K, capacity 89065K, committed 89344K, reserved 1126400K
  class space    used 10996K, capacity 12501K, committed 12544K, reserved 1048576K
}
Event: 123.641 GC heap before
{Heap before GC invocations=90 (full 0):
 garbage-first heap   total 229376K, used 175788K [0x0000000700000000, 0x0000000800000000)
  region size 1024K, 33 young (33792K), 4 survivors (4096K)
 Metaspace       used 85616K, capacity 89957K, committed 90240K, reserved 1126400K
  class space    used 11122K, capacity 12639K, committed 12672K, reserved 1048576K
}
Event: 123.663 GC heap after
{Heap after GC invocations=91 (full 0):
 garbage-first heap   total 229376K, used 148371K [0x0000000700000000, 0x0000000800000000)
  region size 1024K, 3 young (3072K), 3 survivors (3072K)
 Metaspace       used 85616K, capacity 89957K, committed 90240K, reserved 1126400K
  class space    used 11122K, capacity 12639K, committed 12672K, reserved 1048576K
}
Event: 124.361 GC heap before
{Heap before GC invocations=91 (full 0):
 garbage-first heap   total 229376K, used 179091K [0x0000000700000000, 0x0000000800000000)
  region size 1024K, 33 young (33792K), 3 survivors (3072K)
 Metaspace       used 86272K, capacity 90778K, committed 91136K, reserved 1128448K
  class space    used 11177K, capacity 12687K, committed 12800K, reserved 1048576K
}
Event: 124.378 GC heap after
{Heap after GC invocations=92 (full 0):
 garbage-first heap   total 307200K, used 150563K [0x0000000700000000, 0x0000000800000000)
  region size 1024K, 5 young (5120K), 5 survivors (5120K)
 Metaspace       used 86272K, capacity 90778K, committed 91136K, reserved 1128448K
  class space    used 11177K, capacity 12687K, committed 12800K, reserved 1048576K
}
Event: 126.293 GC heap before
{Heap before GC invocations=93 (full 0):
 garbage-first heap   total 307200K, used 198691K [0x0000000700000000, 0x0000000800000000)
  region size 1024K, 54 young (55296K), 5 survivors (5120K)
 Metaspace       used 89906K, capacity 94680K, committed 94976K, reserved 1130496K
  class space    used 11651K, capacity 13266K, committed 13312K, reserved 1048576K
}
Event: 126.325 GC heap after
{Heap after GC invocations=94 (full 0):
 garbage-first heap   total 307200K, used 155315K [0x0000000700000000, 0x0000000800000000)
  region size 1024K, 9 young (9216K), 9 survivors (9216K)
 Metaspace       used 89906K, capacity 94680K, committed 94976K, reserved 1130496K
  class space    used 11651K, capacity 13266K, committed 13312K, reserved 1048576K
}
Event: 128.496 GC heap before
{Heap before GC invocations=95 (full 0):
 garbage-first heap   total 307200K, used 231091K [0x0000000700000000, 0x0000000800000000)
  region size 1024K, 82 young (83968K), 9 survivors (9216K)
 Metaspace       used 97738K, capacity 102751K, committed 102912K, reserved 1138688K
  class space    used 12605K, capacity 14294K, committed 14336K, reserved 1048576K
}
Event: 128.525 GC heap after
{Heap after GC invocations=96 (full 0):
 garbage-first heap   total 307200K, used 160125K [0x0000000700000000, 0x0000000800000000)
  region size 1024K, 10 young (10240K), 10 survivors (10240K)
 Metaspace       used 97738K, capacity 102751K, committed 102912K, reserved 1138688K
  class space    used 12605K, capacity 14294K, committed 14336K, reserved 1048576K
}
Event: 130.726 GC heap before
{Heap before GC invocations=96 (full 0):
 garbage-first heap   total 307200K, used 236925K [0x0000000700000000, 0x0000000800000000)
  region size 1024K, 86 young (88064K), 10 survivors (10240K)
 Metaspace       used 100781K, capacity 106031K, committed 106240K, reserved 1140736K
  class space    used 13005K, capacity 14822K, committed 14848K, reserved 1048576K
}
Event: 130.771 GC heap after
{Heap after GC invocations=97 (full 0):
 garbage-first heap   total 307200K, used 167350K [0x0000000700000000, 0x0000000800000000)
  region size 1024K, 11 young (11264K), 11 survivors (11264K)
 Metaspace       used 100781K, capacity 106031K, committed 106240K, reserved 1140736K
  class space    used 13005K, capacity 14822K, committed 14848K, reserved 1048576K
}
Event: 133.347 GC heap before
{Heap before GC invocations=98 (full 0):
 garbage-first heap   total 307200K, used 243126K [0x0000000700000000, 0x0000000800000000)
  region size 1024K, 86 young (88064K), 11 survivors (11264K)
 Metaspace       used 101455K, capacity 106735K, committed 106880K, reserved 1140736K
  class space    used 13049K, capacity 14867K, committed 14976K, reserved 1048576K
}
Event: 133.420 GC heap after
{Heap after GC invocations=99 (full 0):
 garbage-first heap   total 395264K, used 173146K [0x0000000700000000, 0x0000000800000000)
  region size 1024K, 6 young (6144K), 6 survivors (6144K)
 Metaspace       used 101455K, capacity 106735K, committed 106880K, reserved 1140736K
  class space    used 13049K, capacity 14867K, committed 14976K, reserved 1048576K
}
Event: 135.702 GC heap before
{Heap before GC invocations=99 (full 0):
 garbage-first heap   total 395264K, used 281690K [0x0000000700000000, 0x0000000800000000)
  region size 1024K, 112 young (114688K), 6 survivors (6144K)
 Metaspace       used 105311K, capacity 110692K, committed 110720K, reserved 1144832K
  class space    used 13585K, capacity 15487K, committed 15488K, reserved 1048576K
}
Event: 135.728 GC heap after
{Heap after GC invocations=100 (full 0):
 garbage-first heap   total 395264K, used 179077K [0x0000000700000000, 0x0000000800000000)
  region size 1024K, 12 young (12288K), 12 survivors (12288K)
 Metaspace       used 105311K, capacity 110692K, committed 110720K, reserved 1144832K
  class space    used 13585K, capacity 15487K, committed 15488K, reserved 1048576K
}

