# JRE version: Java(TM) SE Runtime Environment 18.9 (11.0.13+10) (build 11.0.13+10-LTS-370)
# Java VM: Java HotSpot(TM) 64-Bit Server VM 18.9 (11.0.13+10-LTS-370, mixed mode, tiered, compressed oops, g1 gc, windows-amd64)
Heap:
 garbage-first heap   total 138240K, used 77832K [0x00000000c1e00000, 0x0000000100000000)
  region size 1024K, 12 young (12288K), 3 survivors (3072K)
 Metaspace       used 76607K, capacity 77236K, committed 77312K, reserved 1118208K
  class space    used 8165K, capacity 8428K, committed 8448K, reserved 1048576K
GC Heap History (10 events):
Event: 23.512 GC heap before
{Heap before GC invocations=29 (full 0):
 garbage-first heap   total 114688K, used 85270K [0x00000000c1e00000, 0x0000000100000000)
  region size 1024K, 26 young (26624K), 2 survivors (2048K)
 Metaspace       used 64784K, capacity 65430K, committed 65536K, reserved 1107968K
  class space    used 7076K, capacity 7330K, committed 7424K, reserved 1048576K
}
Event: 23.530 GC heap after
{Heap after GC invocations=30 (full 0):
 garbage-first heap   total 114688K, used 63020K [0x00000000c1e00000, 0x0000000100000000)
  region size 1024K, 4 young (4096K), 4 survivors (4096K)
 Metaspace       used 64784K, capacity 65430K, committed 65536K, reserved 1107968K
  class space    used 7076K, capacity 7330K, committed 7424K, reserved 1048576K
}
Event: 24.208 GC heap before
{Heap before GC invocations=31 (full 0):
 garbage-first heap   total 114688K, used 86572K [0x00000000c1e00000, 0x0000000100000000)
  region size 1024K, 28 young (28672K), 4 survivors (4096K)
 Metaspace       used 68395K, capacity 69014K, committed 69248K, reserved 1110016K
  class space    used 7474K, capacity 7714K, committed 7808K, reserved 1048576K
}
Event: 24.236 GC heap after
{Heap after GC invocations=32 (full 0):
 garbage-first heap   total 114688K, used 65253K [0x00000000c1e00000, 0x0000000100000000)
  region size 1024K, 3 young (3072K), 3 survivors (3072K)
 Metaspace       used 68395K, capacity 69014K, committed 69248K, reserved 1110016K
  class space    used 7474K, capacity 7714K, committed 7808K, reserved 1048576K
}
Event: 24.787 GC heap before
{Heap before GC invocations=32 (full 0):
 garbage-first heap   total 114688K, used 88805K [0x00000000c1e00000, 0x0000000100000000)
  region size 1024K, 26 young (26624K), 3 survivors (3072K)
 Metaspace       used 70575K, capacity 71167K, committed 71296K, reserved 1112064K
  class space    used 7699K, capacity 7941K, committed 8064K, reserved 1048576K
}
Event: 24.799 GC heap after
{Heap after GC invocations=33 (full 0):
 garbage-first heap   total 114688K, used 67699K [0x00000000c1e00000, 0x0000000100000000)
  region size 1024K, 3 young (3072K), 3 survivors (3072K)
 Metaspace       used 70575K, capacity 71167K, committed 71296K, reserved 1112064K
  class space    used 7699K, capacity 7941K, committed 8064K, reserved 1048576K
}
Event: 25.674 GC heap before
{Heap before GC invocations=34 (full 0):
 garbage-first heap   total 114688K, used 91251K [0x00000000c1e00000, 0x0000000100000000)
  region size 1024K, 26 young (26624K), 3 survivors (3072K)
 Metaspace       used 72387K, capacity 73029K, committed 73216K, reserved 1114112K
  class space    used 7822K, capacity 8071K, committed 8192K, reserved 1048576K
}
Event: 25.689 GC heap after
{Heap after GC invocations=35 (full 0):
 garbage-first heap   total 114688K, used 68865K [0x00000000c1e00000, 0x0000000100000000)
  region size 1024K, 4 young (4096K), 4 survivors (4096K)
 Metaspace       used 72387K, capacity 73029K, committed 73216K, reserved 1114112K
  class space    used 7822K, capacity 8071K, committed 8192K, reserved 1048576K
}
Event: 26.391 GC heap before
{Heap before GC invocations=35 (full 0):
 garbage-first heap   total 114688K, used 91393K [0x00000000c1e00000, 0x0000000100000000)
  region size 1024K, 27 young (27648K), 4 survivors (4096K)
 Metaspace       used 76101K, capacity 76691K, committed 76800K, reserved 1118208K
  class space    used 8138K, capacity 8396K, committed 8448K, reserved 1048576K
}
Event: 26.410 GC heap after
{Heap after GC invocations=36 (full 0):
 garbage-first heap   total 138240K, used 69640K [0x00000000c1e00000, 0x0000000100000000)
  region size 1024K, 3 young (3072K), 3 survivors (3072K)
 Metaspace       used 76101K, capacity 76691K, committed 76800K, reserved 1118208K
  class space    used 8138K, capacity 8396K, committed 8448K, reserved 1048576K
}

