# JRE version: OpenJDK Runtime Environment (11.0.10) (build 11.0.10+0-b96-7249189)
# Java VM: OpenJDK 64-Bit Server VM (11.0.10+0-b96-7249189, mixed mode, tiered, compressed oops, g1 gc, windows-amd64)
Heap:
 garbage-first heap   total 581632K, used 193042K [0x0000000700000000, 0x0000000800000000)
  region size 1024K, 6 young (6144K), 6 survivors (6144K)
 Metaspace       used 121238K, capacity 126719K, committed 126932K, reserved 1159168K
  class space    used 15304K, capacity 17234K, committed 17280K, reserved 1048576K
GC Heap History (20 events):
Event: 560.341 GC heap after
{Heap after GC invocations=107 (full 0):
 garbage-first heap   total 241664K, used 185618K [0x0000000700000000, 0x0000000800000000)
  region size 1024K, 1 young (1024K), 1 survivors (1024K)
 Metaspace       used 112173K, capacity 117505K, committed 118100K, reserved 1150976K
  class space    used 14133K, capacity 15958K, committed 16128K, reserved 1048576K
}
Event: 560.412 GC heap before
{Heap before GC invocations=107 (full 0):
 garbage-first heap   total 241664K, used 195858K [0x0000000700000000, 0x0000000800000000)
  region size 1024K, 11 young (11264K), 1 survivors (1024K)
 Metaspace       used 112173K, capacity 117505K, committed 118100K, reserved 1150976K
  class space    used 14133K, capacity 15958K, committed 16128K, reserved 1048576K
}
Event: 560.417 GC heap after
{Heap after GC invocations=108 (full 0):
 garbage-first heap   total 241664K, used 184907K [0x0000000700000000, 0x0000000800000000)
  region size 1024K, 1 young (1024K), 1 survivors (1024K)
 Metaspace       used 112173K, capacity 117505K, committed 118100K, reserved 1150976K
  class space    used 14133K, capacity 15958K, committed 16128K, reserved 1048576K
}
Event: 560.576 GC heap before
{Heap before GC invocations=108 (full 0):
 garbage-first heap   total 241664K, used 210507K [0x0000000700000000, 0x0000000800000000)
  region size 1024K, 26 young (26624K), 1 survivors (1024K)
 Metaspace       used 112177K, capacity 117505K, committed 118100K, reserved 1150976K
  class space    used 14133K, capacity 15958K, committed 16128K, reserved 1048576K
}
Event: 560.579 GC heap after
{Heap after GC invocations=109 (full 0):
 garbage-first heap   total 241664K, used 184953K [0x0000000700000000, 0x0000000800000000)
  region size 1024K, 2 young (2048K), 2 survivors (2048K)
 Metaspace       used 112177K, capacity 117505K, committed 118100K, reserved 1150976K
  class space    used 14133K, capacity 15958K, committed 16128K, reserved 1048576K
}
Event: 560.821 GC heap before
{Heap before GC invocations=109 (full 0):
 garbage-first heap   total 241664K, used 209529K [0x0000000700000000, 0x0000000800000000)
  region size 1024K, 27 young (27648K), 2 survivors (2048K)
 Metaspace       used 112177K, capacity 117505K, committed 118100K, reserved 1150976K
  class space    used 14133K, capacity 15958K, committed 16128K, reserved 1048576K
}
Event: 560.823 GC heap after
{Heap after GC invocations=110 (full 0):
 garbage-first heap   total 241664K, used 185053K [0x0000000700000000, 0x0000000800000000)
  region size 1024K, 2 young (2048K), 2 survivors (2048K)
 Metaspace       used 112177K, capacity 117505K, committed 118100K, reserved 1150976K
  class space    used 14133K, capacity 15958K, committed 16128K, reserved 1048576K
}
Event: 561.006 GC heap before
{Heap before GC invocations=110 (full 0):
 garbage-first heap   total 241664K, used 209629K [0x0000000700000000, 0x0000000800000000)
  region size 1024K, 27 young (27648K), 2 survivors (2048K)
 Metaspace       used 112194K, capacity 117505K, committed 118100K, reserved 1150976K
  class space    used 14135K, capacity 15958K, committed 16128K, reserved 1048576K
}
Event: 561.010 GC heap after
{Heap after GC invocations=111 (full 0):
 garbage-first heap   total 241664K, used 185218K [0x0000000700000000, 0x0000000800000000)
  region size 1024K, 2 young (2048K), 2 survivors (2048K)
 Metaspace       used 112194K, capacity 117505K, committed 118100K, reserved 1150976K
  class space    used 14135K, capacity 15958K, committed 16128K, reserved 1048576K
}
Event: 561.184 GC heap before
{Heap before GC invocations=111 (full 0):
 garbage-first heap   total 241664K, used 209794K [0x0000000700000000, 0x0000000800000000)
  region size 1024K, 27 young (27648K), 2 survivors (2048K)
 Metaspace       used 112194K, capacity 117505K, committed 118100K, reserved 1150976K
  class space    used 14135K, capacity 15958K, committed 16128K, reserved 1048576K
}
Event: 561.188 GC heap after
{Heap after GC invocations=112 (full 0):
 garbage-first heap   total 241664K, used 185134K [0x0000000700000000, 0x0000000800000000)
  region size 1024K, 2 young (2048K), 2 survivors (2048K)
 Metaspace       used 112194K, capacity 117505K, committed 118100K, reserved 1150976K
  class space    used 14135K, capacity 15958K, committed 16128K, reserved 1048576K
}
Event: 561.818 GC heap before
{Heap before GC invocations=113 (full 0):
 garbage-first heap   total 241664K, used 211758K [0x0000000700000000, 0x0000000800000000)
  region size 1024K, 28 young (28672K), 2 survivors (2048K)
 Metaspace       used 115090K, capacity 120512K, committed 120788K, reserved 1153024K
  class space    used 14575K, capacity 16470K, committed 16512K, reserved 1048576K
}
Event: 561.826 GC heap after
{Heap after GC invocations=114 (full 0):
 garbage-first heap   total 290816K, used 183753K [0x0000000700000000, 0x0000000800000000)
  region size 1024K, 2 young (2048K), 2 survivors (2048K)
 Metaspace       used 115090K, capacity 120512K, committed 120788K, reserved 1153024K
  class space    used 14575K, capacity 16470K, committed 16512K, reserved 1048576K
}
Event: 564.143 GC heap before
{Heap before GC invocations=114 (full 0):
 garbage-first heap   total 290816K, used 228809K [0x0000000700000000, 0x0000000800000000)
  region size 1024K, 47 young (48128K), 2 survivors (2048K)
 Metaspace       used 115731K, capacity 121267K, committed 121428K, reserved 1155072K
  class space    used 14642K, capacity 16544K, committed 16640K, reserved 1048576K
}
Event: 564.268 GC heap after
{Heap after GC invocations=115 (full 0):
 garbage-first heap   total 290816K, used 186320K [0x0000000700000000, 0x0000000800000000)
  region size 1024K, 5 young (5120K), 5 survivors (5120K)
 Metaspace       used 115731K, capacity 121267K, committed 121428K, reserved 1155072K
  class space    used 14642K, capacity 16544K, committed 16640K, reserved 1048576K
}
Event: 565.619 GC heap before
{Heap before GC invocations=116 (full 0):
 garbage-first heap   total 290816K, used 232400K [0x0000000700000000, 0x0000000800000000)
  region size 1024K, 51 young (52224K), 5 survivors (5120K)
 Metaspace       used 115875K, capacity 121363K, committed 121684K, reserved 1155072K
  class space    used 14645K, capacity 16546K, committed 16640K, reserved 1048576K
}
Event: 565.636 GC heap after
{Heap after GC invocations=117 (full 0):
 garbage-first heap   total 290816K, used 188730K [0x0000000700000000, 0x0000000800000000)
  region size 1024K, 7 young (7168K), 7 survivors (7168K)
 Metaspace       used 115875K, capacity 121363K, committed 121684K, reserved 1155072K
  class space    used 14645K, capacity 16546K, committed 16640K, reserved 1048576K
}
Event: 566.593 GC heap before
{Heap before GC invocations=117 (full 0):
 garbage-first heap   total 290816K, used 234810K [0x0000000700000000, 0x0000000800000000)
  region size 1024K, 53 young (54272K), 7 survivors (7168K)
 Metaspace       used 118611K, capacity 124109K, committed 124372K, reserved 1157120K
  class space    used 15010K, capacity 16903K, committed 17024K, reserved 1048576K
}
Event: 566.619 GC heap after
{Heap after GC invocations=118 (full 0):
 garbage-first heap   total 290816K, used 189546K [0x0000000700000000, 0x0000000800000000)
  region size 1024K, 5 young (5120K), 5 survivors (5120K)
 Metaspace       used 118611K, capacity 124109K, committed 124372K, reserved 1157120K
  class space    used 15010K, capacity 16903K, committed 17024K, reserved 1048576K
}
Event: 569.384 GC heap before
{Heap before GC invocations=119 (full 0):
 garbage-first heap   total 290816K, used 237674K [0x0000000700000000, 0x0000000800000000)
  region size 1024K, 53 young (54272K), 5 survivors (5120K)
 Metaspace       used 121238K, capacity 126719K, committed 126932K, reserved 1159168K
  class space    used 15304K, capacity 17234K, committed 17280K, reserved 1048576K
}

